#
# There is insufficient memory for the Java Runtime Environment to continue.
# Cannot create worker GC thread. Out of system resources.
# Possible reasons:
#   The system is out of physical RAM or swap space
#   The process is running with CompressedOops enabled, and the Java Heap may be blocking the growth of the native heap
# Possible solutions:
#   Reduce memory load on the system
#   Increase physical memory or swap space
#   Check if swap backing store is full
#   Decrease Java heap size (-Xmx/-Xms)
#   Decrease number of Java threads
#   Decrease Java thread stack sizes (-Xss)
#   Set larger code cache with -XX:ReservedCodeCacheSize=
#   JVM is running with Unscaled Compressed Oops mode in which the Java heap is
#     placed in the first 4GB address space. The Java Heap base address is the
#     maximum limit for the native heap growth. Please use -XX:HeapBaseMinAddress
#     to set the Java Heap base and to place the Java Heap above 4GB virtual address.
# This output file may be truncated or incomplete.
#
#  Out of Memory Error (workerManager.hpp:87), pid=20465, tid=20466
#
# JRE version:  (17.0.8+7) (build )
# Java VM: OpenJDK 64-Bit Server VM (17.0.8+7-b1000.22, mixed mode, sharing, tiered, compressed oops, compressed class ptrs, g1 gc, linux-amd64)
# No core dump will be written. Core dumps have been disabled. To enable core dumping, try "ulimit -c unlimited" before starting Java again
#

---------------  S U M M A R Y ------------

Command Line: git4idea.http.GitAskPassApp Username for 'https://github.com': 

Host: Intel(R) Core(TM) i5-10300H CPU @ 2.50GHz, 8 cores, 7G, Debian GNU/Linux 12 (bookworm)
Time: Mon Oct  2 20:27:41 2023 -03 elapsed time: 0.007926 seconds (0d 0h 0m 0s)

---------------  T H R E A D  ---------------

Current thread (0x00007f38d40258f0):  JavaThread "Unknown thread" [_thread_in_vm, id=20466, stack(0x00007f38dac21000,0x00007f38dad21000)]

Stack: [0x00007f38dac21000,0x00007f38dad21000],  sp=0x00007f38dad1f5c0,  free space=1017k
Native frames: (J=compiled Java code, j=interpreted, Vv=VM code, C=native code)
V  [libjvm.so+0xee9ad1]  VMError::report_and_die(int, char const*, char const*, __va_list_tag*, Thread*, unsigned char*, void*, void*, char const*, int, unsigned long)+0x1a1
V  [libjvm.so+0xeea69d]  VMError::report_and_die(Thread*, char const*, int, unsigned long, VMErrorType, char const*, __va_list_tag*)+0x2d
V  [libjvm.so+0x60d70c]  report_vm_out_of_memory(char const*, int, unsigned long, VMErrorType, char const*, ...)+0xdc
V  [libjvm.so+0xf1dc3f]  WorkerManager::add_workers(WorkGang*, unsigned int, unsigned int, unsigned int, os::ThreadType, bool)+0x18f
V  [libjvm.so+0xf1ddda]  WorkGang::initialize_workers()+0x4a
V  [libjvm.so+0x7049a3]  G1ConcurrentMark::G1ConcurrentMark(G1CollectedHeap*, G1RegionToSpaceMapper*, G1RegionToSpaceMapper*)+0x553
V  [libjvm.so+0x6f345c]  G1CollectedHeap::initialize()+0x70c
V  [libjvm.so+0xe97cf2]  universe_init()+0xd2
V  [libjvm.so+0x8049f7]  init_globals()+0x37
V  [libjvm.so+0xe6f57b]  Threads::create_vm(JavaVMInitArgs*, bool*)+0x38b
V  [libjvm.so+0x8cc141]  JNI_CreateJavaVM+0x51
C  [libjli.so+0x3a1f]  JavaMain+0x8f
C  [libjli.so+0x7d79]  ThreadJavaMain+0x9


---------------  P R O C E S S  ---------------

Threads class SMR info:
_java_thread_list=0x00007f38dc14bcc0, length=0, elements={
}

Java Threads: ( => current thread )

Other Threads:
  0x00007f38d407fd00 GCTaskThread "GC Thread#0" [stack: 0x00007f38d9555000,0x00007f38d9655000] [id=20467]

[error occurred during error reporting (printing all threads), id 0xb, SIGSEGV (0xb) at pc=0x00007f38db4ffcf0]

VM state: not at safepoint (not fully initialized)

VM Mutex/Monitor currently owned by a thread:  ([mutex/lock_event])
[0x00007f38d4023060] Heap_lock - owner thread: 0x00007f38d40258f0

Heap address: 0x0000000086000000, size: 1952 MB, Compressed Oops mode: 32-bit

CDS archive(s) mapped at: [0x0000000000000000-0x0000000000000000-0x0000000000000000), size 0, SharedBaseAddress: 0x0000000800000000, ArchiveRelocationMode: 1.
Narrow klass base: 0x0000000000000000, Narrow klass shift: 0, Narrow klass range: 0x0

GC Precious Log:
<Empty>

Heap:
 garbage-first heap   total 0K, used 0K [0x0000000086000000, 0x0000000100000000)
  region size 1024K, 0 young (0K), 0 survivors (0K)
 Metaspace       used 0K, committed 0K, reserved 0K
  class space    used 0K, committed 0K, reserved 0K

Heap Regions: E=young(eden), S=young(survivor), O=old, HS=humongous(starts), HC=humongous(continues), CS=collection set, F=free, OA=open archive, CA=closed archive, TAMS=top-at-mark-start (previous, next)

Card table byte_map: [0x00007f38d9aa3000,0x00007f38d9e73000] _byte_map_base: 0x00007f38d9673000

GC Heap History (0 events):
No events

Dll operation events (1 events):
Event: 0.004 Loaded shared library /home/lucas/idea-IC-232.9921.47/jbr/lib/libjava.so

Deoptimization events (0 events):
No events

Classes unloaded (0 events):
No events

Classes redefined (0 events):
No events

Internal exceptions (0 events):
No events

VM Operations (0 events):
No events

Events (1 events):
Event: 0.003 Protecting memory [0x00007f38dac21000,0x00007f38dac25000] with protection modes 0


Dynamic libraries:
86000000-100000000 ---p 00000000 00:00 0 
5611894bc000-5611894bd000 r--p 00000000 103:04 6821902                   /home/lucas/idea-IC-232.9921.47/jbr/bin/java
5611894bd000-5611894be000 r-xp 00001000 103:04 6821902                   /home/lucas/idea-IC-232.9921.47/jbr/bin/java
5611894be000-5611894bf000 r--p 00002000 103:04 6821902                   /home/lucas/idea-IC-232.9921.47/jbr/bin/java
5611894bf000-5611894c0000 r--p 00002000 103:04 6821902                   /home/lucas/idea-IC-232.9921.47/jbr/bin/java
5611894c0000-5611894c1000 rw-p 00003000 103:04 6821902                   /home/lucas/idea-IC-232.9921.47/jbr/bin/java
56118b03c000-56118b084000 rw-p 00000000 00:00 0                          [heap]
7f38b0000000-7f38b0021000 rw-p 00000000 00:00 0 
7f38b0021000-7f38b4000000 ---p 00000000 00:00 0 
7f38b8000000-7f38b8021000 rw-p 00000000 00:00 0 
7f38b8021000-7f38bc000000 ---p 00000000 00:00 0 
7f38bdb00000-7f38c1800000 ---p 00000000 00:00 0 
7f38c1800000-7f38c1a70000 rwxp 00000000 00:00 0 
7f38c1a70000-7f38c8d37000 ---p 00000000 00:00 0 
7f38c8d37000-7f38c8fa7000 rwxp 00000000 00:00 0 
7f38c8fa7000-7f38c92c9000 ---p 00000000 00:00 0 
7f38c92c9000-7f38c9539000 rwxp 00000000 00:00 0 
7f38c9539000-7f38d0800000 ---p 00000000 00:00 0 
7f38d0800000-7f38d3f6b000 r--s 00000000 103:04 6821877                   /home/lucas/idea-IC-232.9921.47/jbr/lib/modules
7f38d4000000-7f38d409f000 rw-p 00000000 00:00 0 
7f38d409f000-7f38d8000000 ---p 00000000 00:00 0 
7f38d8f55000-7f38d934f000 rw-p 00000000 00:00 0 
7f38d934f000-7f38d9350000 ---p 00000000 00:00 0 
7f38d9350000-7f38d9451000 rw-p 00000000 00:00 0 
7f38d9451000-7f38d9452000 ---p 00000000 00:00 0 
7f38d9452000-7f38d9553000 rw-p 00000000 00:00 0 
7f38d9553000-7f38d9554000 ---p 00000000 00:00 0 
7f38d9554000-7f38d96d3000 rw-p 00000000 00:00 0 
7f38d96d3000-7f38da243000 ---p 00000000 00:00 0 
7f38da243000-7f38daa50000 rw-p 00000000 00:00 0 
7f38daa50000-7f38dab36000 ---p 00000000 00:00 0 
7f38dab36000-7f38dab3b000 rw-p 00000000 00:00 0 
7f38dab3b000-7f38dac21000 ---p 00000000 00:00 0 
7f38dac21000-7f38dac25000 ---p 00000000 00:00 0 
7f38dac25000-7f38dad21000 rw-p 00000000 00:00 0 
7f38dad21000-7f38dad31000 r--p 00000000 103:02 1569820                   /usr/lib/x86_64-linux-gnu/libm.so.6
7f38dad31000-7f38dada4000 r-xp 00010000 103:02 1569820                   /usr/lib/x86_64-linux-gnu/libm.so.6
7f38dada4000-7f38dadfe000 r--p 00083000 103:02 1569820                   /usr/lib/x86_64-linux-gnu/libm.so.6
7f38dadfe000-7f38dadff000 r--p 000dc000 103:02 1569820                   /usr/lib/x86_64-linux-gnu/libm.so.6
7f38dadff000-7f38dae00000 rw-p 000dd000 103:02 1569820                   /usr/lib/x86_64-linux-gnu/libm.so.6
7f38dae00000-7f38db053000 r--p 00000000 103:04 6821836                   /home/lucas/idea-IC-232.9921.47/jbr/lib/server/libjvm.so
7f38db053000-7f38dbd7c000 r-xp 00253000 103:04 6821836                   /home/lucas/idea-IC-232.9921.47/jbr/lib/server/libjvm.so
7f38dbd7c000-7f38dc00d000 r--p 00f7c000 103:04 6821836                   /home/lucas/idea-IC-232.9921.47/jbr/lib/server/libjvm.so
7f38dc00d000-7f38dc00e000 ---p 0120d000 103:04 6821836                   /home/lucas/idea-IC-232.9921.47/jbr/lib/server/libjvm.so
7f38dc00e000-7f38dc0c7000 r--p 0120d000 103:04 6821836                   /home/lucas/idea-IC-232.9921.47/jbr/lib/server/libjvm.so
7f38dc0c7000-7f38dc0fc000 rw-p 012c6000 103:04 6821836                   /home/lucas/idea-IC-232.9921.47/jbr/lib/server/libjvm.so
7f38dc0fc000-7f38dc166000 rw-p 00000000 00:00 0 
7f38dc18f000-7f38dc194000 rw-p 00000000 00:00 0 
7f38dc194000-7f38dc19b000 ---p 00000000 00:00 0 
7f38dc19b000-7f38dc1a7000 r--p 00000000 103:04 6821863                   /home/lucas/idea-IC-232.9921.47/jbr/lib/libjava.so
7f38dc1a7000-7f38dc1b9000 r-xp 0000c000 103:04 6821863                   /home/lucas/idea-IC-232.9921.47/jbr/lib/libjava.so
7f38dc1b9000-7f38dc1bf000 r--p 0001e000 103:04 6821863                   /home/lucas/idea-IC-232.9921.47/jbr/lib/libjava.so
7f38dc1bf000-7f38dc1c0000 ---p 00024000 103:04 6821863                   /home/lucas/idea-IC-232.9921.47/jbr/lib/libjava.so
7f38dc1c0000-7f38dc1c1000 r--p 00024000 103:04 6821863                   /home/lucas/idea-IC-232.9921.47/jbr/lib/libjava.so
7f38dc1c1000-7f38dc1c2000 rw-p 00025000 103:04 6821863                   /home/lucas/idea-IC-232.9921.47/jbr/lib/libjava.so
7f38dc1c2000-7f38dc1c3000 rw-p 00000000 00:00 0 
7f38dc1c3000-7f38dc1cb000 rw-s 00000000 103:02 392468                    /tmp/hsperfdata_lucas/20465
7f38dc1cb000-7f38dc1cc000 ---p 00000000 00:00 0 
7f38dc1cc000-7f38dc1cd000 r--p 00000000 00:00 0 
7f38dc1cd000-7f38dc1ce000 r--p 00000000 103:02 1569850                   /usr/lib/x86_64-linux-gnu/librt.so.1
7f38dc1ce000-7f38dc1cf000 r-xp 00001000 103:02 1569850                   /usr/lib/x86_64-linux-gnu/librt.so.1
7f38dc1cf000-7f38dc1d0000 r--p 00002000 103:02 1569850                   /usr/lib/x86_64-linux-gnu/librt.so.1
7f38dc1d0000-7f38dc1d1000 r--p 00002000 103:02 1569850                   /usr/lib/x86_64-linux-gnu/librt.so.1
7f38dc1d1000-7f38dc1d2000 rw-p 00003000 103:02 1569850                   /usr/lib/x86_64-linux-gnu/librt.so.1
7f38dc1d2000-7f38dc1d6000 rw-p 00000000 00:00 0 
7f38dc1d6000-7f38dc1fc000 r--p 00000000 103:02 1569817                   /usr/lib/x86_64-linux-gnu/libc.so.6
7f38dc1fc000-7f38dc351000 r-xp 00026000 103:02 1569817                   /usr/lib/x86_64-linux-gnu/libc.so.6
7f38dc351000-7f38dc3a4000 r--p 0017b000 103:02 1569817                   /usr/lib/x86_64-linux-gnu/libc.so.6
7f38dc3a4000-7f38dc3a8000 r--p 001ce000 103:02 1569817                   /usr/lib/x86_64-linux-gnu/libc.so.6
7f38dc3a8000-7f38dc3aa000 rw-p 001d2000 103:02 1569817                   /usr/lib/x86_64-linux-gnu/libc.so.6
7f38dc3aa000-7f38dc3b7000 rw-p 00000000 00:00 0 
7f38dc3b7000-7f38dc3b8000 r--p 00000000 103:02 1569819                   /usr/lib/x86_64-linux-gnu/libdl.so.2
7f38dc3b8000-7f38dc3b9000 r-xp 00001000 103:02 1569819                   /usr/lib/x86_64-linux-gnu/libdl.so.2
7f38dc3b9000-7f38dc3ba000 r--p 00002000 103:02 1569819                   /usr/lib/x86_64-linux-gnu/libdl.so.2
7f38dc3ba000-7f38dc3bb000 r--p 00002000 103:02 1569819                   /usr/lib/x86_64-linux-gnu/libdl.so.2
7f38dc3bb000-7f38dc3bc000 rw-p 00003000 103:02 1569819                   /usr/lib/x86_64-linux-gnu/libdl.so.2
7f38dc3bc000-7f38dc3bd000 r--p 00000000 103:02 1569844                   /usr/lib/x86_64-linux-gnu/libpthread.so.0
7f38dc3bd000-7f38dc3be000 r-xp 00001000 103:02 1569844                   /usr/lib/x86_64-linux-gnu/libpthread.so.0
7f38dc3be000-7f38dc3bf000 r--p 00002000 103:02 1569844                   /usr/lib/x86_64-linux-gnu/libpthread.so.0
7f38dc3bf000-7f38dc3c0000 r--p 00002000 103:02 1569844                   /usr/lib/x86_64-linux-gnu/libpthread.so.0
7f38dc3c0000-7f38dc3c1000 rw-p 00003000 103:02 1569844                   /usr/lib/x86_64-linux-gnu/libpthread.so.0
7f38dc3c1000-7f38dc3c3000 r--p 00000000 103:04 6821765                   /home/lucas/idea-IC-232.9921.47/jbr/lib/libjli.so
7f38dc3c3000-7f38dc3cd000 r-xp 00002000 103:04 6821765                   /home/lucas/idea-IC-232.9921.47/jbr/lib/libjli.so
7f38dc3cd000-7f38dc3d0000 r--p 0000c000 103:04 6821765                   /home/lucas/idea-IC-232.9921.47/jbr/lib/libjli.so
7f38dc3d0000-7f38dc3d1000 ---p 0000f000 103:04 6821765                   /home/lucas/idea-IC-232.9921.47/jbr/lib/libjli.so
7f38dc3d1000-7f38dc3d2000 r--p 0000f000 103:04 6821765                   /home/lucas/idea-IC-232.9921.47/jbr/lib/libjli.so
7f38dc3d2000-7f38dc3d3000 rw-p 00010000 103:04 6821765                   /home/lucas/idea-IC-232.9921.47/jbr/lib/libjli.so
7f38dc3d3000-7f38dc3d6000 r--p 00000000 103:02 1572093                   /usr/lib/x86_64-linux-gnu/libz.so.1.2.13
7f38dc3d6000-7f38dc3e9000 r-xp 00003000 103:02 1572093                   /usr/lib/x86_64-linux-gnu/libz.so.1.2.13
7f38dc3e9000-7f38dc3f0000 r--p 00016000 103:02 1572093                   /usr/lib/x86_64-linux-gnu/libz.so.1.2.13
7f38dc3f0000-7f38dc3f1000 r--p 0001c000 103:02 1572093                   /usr/lib/x86_64-linux-gnu/libz.so.1.2.13
7f38dc3f1000-7f38dc3f2000 rw-p 0001d000 103:02 1572093                   /usr/lib/x86_64-linux-gnu/libz.so.1.2.13
7f38dc3f2000-7f38dc3f3000 ---p 00000000 00:00 0 
7f38dc3f3000-7f38dc3f6000 r--p 00000000 103:04 6821762                   /home/lucas/idea-IC-232.9921.47/jbr/lib/libjimage.so
7f38dc3f6000-7f38dc40a000 r-xp 00003000 103:04 6821762                   /home/lucas/idea-IC-232.9921.47/jbr/lib/libjimage.so
7f38dc40a000-7f38dc410000 r--p 00017000 103:04 6821762                   /home/lucas/idea-IC-232.9921.47/jbr/lib/libjimage.so
7f38dc410000-7f38dc412000 r--p 0001c000 103:04 6821762                   /home/lucas/idea-IC-232.9921.47/jbr/lib/libjimage.so
7f38dc412000-7f38dc413000 rw-p 0001e000 103:04 6821762                   /home/lucas/idea-IC-232.9921.47/jbr/lib/libjimage.so
7f38dc413000-7f38dc415000 rw-p 00000000 00:00 0 
7f38dc415000-7f38dc416000 r--p 00000000 103:02 1569813                   /usr/lib/x86_64-linux-gnu/ld-linux-x86-64.so.2
7f38dc416000-7f38dc43b000 r-xp 00001000 103:02 1569813                   /usr/lib/x86_64-linux-gnu/ld-linux-x86-64.so.2
7f38dc43b000-7f38dc445000 r--p 00026000 103:02 1569813                   /usr/lib/x86_64-linux-gnu/ld-linux-x86-64.so.2
7f38dc445000-7f38dc447000 r--p 00030000 103:02 1569813                   /usr/lib/x86_64-linux-gnu/ld-linux-x86-64.so.2
7f38dc447000-7f38dc449000 rw-p 00032000 103:02 1569813                   /usr/lib/x86_64-linux-gnu/ld-linux-x86-64.so.2
7fffa830a000-7fffa832b000 rw-p 00000000 00:00 0                          [stack]
7fffa839d000-7fffa83a1000 r--p 00000000 00:00 0                          [vvar]
7fffa83a1000-7fffa83a3000 r-xp 00000000 00:00 0                          [vdso]


VM Arguments:
java_command: git4idea.http.GitAskPassApp Username for 'https://github.com': 
java_class_path (initial): /home/lucas/idea-IC-232.9921.47/plugins/vcs-git/lib/git4idea-rt.jar:/home/lucas/idea-IC-232.9921.47/lib/externalProcess-rt.jar
Launcher Type: SUN_STANDARD

[Global flags]
     intx CICompilerCount                          = 4                                         {product} {ergonomic}
     uint ConcGCThreads                            = 2                                         {product} {ergonomic}
     uint G1ConcRefinementThreads                  = 8                                         {product} {ergonomic}
   size_t G1HeapRegionSize                         = 1048576                                   {product} {ergonomic}
    uintx GCDrainStackTargetSize                   = 64                                        {product} {ergonomic}
   size_t InitialHeapSize                          = 127926272                                 {product} {ergonomic}
   size_t MarkStackSize                            = 4194304                                   {product} {ergonomic}
   size_t MaxHeapSize                              = 2046820352                                {product} {ergonomic}
   size_t MinHeapDeltaBytes                        = 1048576                                   {product} {ergonomic}
   size_t MinHeapSize                              = 8388608                                   {product} {ergonomic}
    uintx NonNMethodCodeHeapSize                   = 5839372                                {pd product} {ergonomic}
    uintx NonProfiledCodeHeapSize                  = 122909434                              {pd product} {ergonomic}
    uintx ProfiledCodeHeapSize                     = 122909434                              {pd product} {ergonomic}
    uintx ReservedCodeCacheSize                    = 251658240                              {pd product} {ergonomic}
     bool SegmentedCodeCache                       = true                                      {product} {ergonomic}
   size_t SoftMaxHeapSize                          = 2046820352                             {manageable} {ergonomic}
     bool UseCompressedClassPointers               = true                           {product lp64_product} {ergonomic}
     bool UseCompressedOops                        = true                           {product lp64_product} {ergonomic}
     bool UseG1GC                                  = true                                      {product} {ergonomic}

Logging:
Log output configuration:
 #0: stdout all=warning uptime,level,tags
 #1: stderr all=off uptime,level,tags

Environment Variables:
PATH=/usr/lib/git-core:/usr/lib/git-core:/home/lucas/.local/bin:/usr/local/bin:/usr/bin:/bin:/usr/local/games:/usr/games
USERNAME=lucas
SHELL=/bin/bash
DISPLAY=:1
LANG=pt_BR.UTF-8
LC_ALL=en_US.UTF-8
TERM=xterm-256color

Active Locale:
LC_ALL=C
LC_COLLATE=C
LC_CTYPE=C
LC_MESSAGES=C
LC_MONETARY=C
LC_NUMERIC=C
LC_TIME=C

Signal Handlers:
   SIGSEGV: crash_handler in libjvm.so, mask=11100100010111111101111111111110, flags=SA_RESTART|SA_SIGINFO, unblocked
    SIGBUS: crash_handler in libjvm.so, mask=11100100010111111101111111111110, flags=SA_RESTART|SA_SIGINFO, unblocked
    SIGFPE: crash_handler in libjvm.so, mask=11100100010111111101111111111110, flags=SA_RESTART|SA_SIGINFO, unblocked
   SIGPIPE: javaSignalHandler in libjvm.so, mask=11100100010111111101111111111110, flags=SA_RESTART|SA_SIGINFO, blocked
   SIGXFSZ: javaSignalHandler in libjvm.so, mask=11100100010111111101111111111110, flags=SA_RESTART|SA_SIGINFO, blocked
    SIGILL: crash_handler in libjvm.so, mask=11100100010111111101111111111110, flags=SA_RESTART|SA_SIGINFO, unblocked
   SIGUSR2: SR_handler in libjvm.so, mask=00000000000000000000000000000000, flags=SA_RESTART|SA_SIGINFO, blocked
    SIGHUP: SIG_DFL, mask=00000000000000000000000000000000, flags=none, blocked
    SIGINT: SIG_DFL, mask=00000000000000000000000000000000, flags=none, blocked
   SIGTERM: SIG_DFL, mask=00000000000000000000000000000000, flags=none, blocked
   SIGQUIT: UserHandler in libjvm.so, mask=11100100010111111101111111111110, flags=SA_RESTART|SA_SIGINFO, blocked
   SIGTRAP: crash_handler in libjvm.so, mask=11100100010111111101111111111110, flags=SA_RESTART|SA_SIGINFO, unblocked

JNI global refs:
JNI global refs: 0, weak refs: 0

JNI global refs memory usage: 0, weak refs: 0

OOME stack traces (most recent first):
Classloader memory used:


---------------  S Y S T E M  ---------------

OS:
PRETTY_NAME="Debian GNU/Linux 12 (bookworm)"
NAME="Debian GNU/Linux"
VERSION_ID="12"
VERSION="12 (bookworm)"
VERSION_CODENAME=bookworm
ID=debian
HOME_URL="https://www.debian.org/"
SUPPORT_URL="https://www.debian.org/support"
BUG_REPORT_URL="https://bugs.debian.org/"
uname: Linux 6.1.0-11-amd64 #1 SMP PREEMPT_DYNAMIC Debian 6.1.38-4 (2023-08-08) x86_64
OS uptime: 0 days 1:17 hours
libc: glibc 2.36 NPTL 2.36 
rlimit (soft/hard): STACK 8192k/infinity , CORE 0k/infinity , NPROC 30969/30969 , NOFILE 1048576/1048576 , AS infinity/infinity , CPU infinity/infinity , DATA infinity/infinity , FSIZE infinity/infinity , MEMLOCK 999392k/999392k
load average: 0.77 1.03 1.31

/proc/meminfo:
MemTotal:        7995160 kB
MemFree:          794564 kB
MemAvailable:    1301688 kB
Buffers:           30868 kB
Cached:          1208696 kB
SwapCached:       214332 kB
Active:          1915748 kB
Inactive:        4376792 kB
Active(anon):    1528252 kB
Inactive(anon):  4069000 kB
Active(file):     387496 kB
Inactive(file):   307792 kB
Unevictable:      134256 kB
Mlocked:            8176 kB
SwapTotal:      15998972 kB
SwapFree:       14926844 kB
Zswap:                 0 kB
Zswapped:              0 kB
Dirty:               112 kB
Writeback:             0 kB
AnonPages:       4892808 kB
Mapped:           418040 kB
Shmem:            539148 kB
KReclaimable:      81252 kB
Slab:             278336 kB
SReclaimable:      81252 kB
SUnreclaim:       197084 kB
KernelStack:      165280 kB
PageTables:        62512 kB
SecPageTables:         0 kB
NFS_Unstable:          0 kB
Bounce:                0 kB
WritebackTmp:          0 kB
CommitLimit:    19996552 kB
Committed_AS:   20899044 kB
VmallocTotal:   34359738367 kB
VmallocUsed:      262864 kB
VmallocChunk:          0 kB
Percpu:             6848 kB
HardwareCorrupted:     0 kB
AnonHugePages:   1603584 kB
ShmemHugePages:   466944 kB
ShmemPmdMapped:        0 kB
FileHugePages:         0 kB
FilePmdMapped:         0 kB
HugePages_Total:       0
HugePages_Free:        0
HugePages_Rsvd:        0
HugePages_Surp:        0
Hugepagesize:       2048 kB
Hugetlb:               0 kB
DirectMap4k:      293500 kB
DirectMap2M:     4814848 kB
DirectMap1G:     4194304 kB

/sys/kernel/mm/transparent_hugepage/enabled: [always] madvise never
/sys/kernel/mm/transparent_hugepage/defrag (defrag/compaction efforts parameter): always defer defer+madvise [madvise] never

Process Memory:
Virtual Size: 2614952K (peak: 2675384K)
Resident Set Size: 18044K (peak: 18044K) (anon: 5984K, file: 12060K, shmem: 0K)
Swapped out: 0K
C-Heap outstanding allocations: 13095K, retained: 408K
glibc malloc tunables: (default)

/proc/sys/kernel/threads-max (system-wide limit on the number of threads): 61938
/proc/sys/vm/max_map_count (maximum number of memory map areas a process may have): 65530
/proc/sys/kernel/pid_max (system-wide limit on number of process identifiers): 4194304

container (cgroup) information:
container_type: cgroupv2
cpu_cpuset_cpus: not supported
cpu_memory_nodes: not supported
active_processor_count: 8
cpu_quota: not supported
cpu_period: not supported
cpu_shares: not supported
memory_limit_in_bytes: unlimited
memory_and_swap_limit_in_bytes: unlimited
memory_soft_limit_in_bytes: unlimited
memory_usage_in_bytes: 3936028 k
memory_max_usage_in_bytes: not supported
memory_swap_current_in_bytes: 153140 k
memory_swap_max_limit_in_bytes: unlimited
maximum number of tasks: 9290
current number of tasks: 9290

Steal ticks since vm start: 0
Steal ticks percentage since vm start:  0.000

CPU: total 8 (initial active 8) (4 cores per cpu, 2 threads per core) family 6 model 165 stepping 2 microcode 0xf8, cx8, cmov, fxsr, ht, mmx, 3dnowpref, sse, sse2, sse3, ssse3, sse4.1, sse4.2, popcnt, lzcnt, tsc, tscinvbit, avx, avx2, aes, erms, clmul, bmi1, bmi2, adx, fma, vzeroupper, clflush, clflushopt
CPU Model and flags from /proc/cpuinfo:
model name	: Intel(R) Core(TM) i5-10300H CPU @ 2.50GHz
flags		: fpu vme de pse tsc msr pae mce cx8 apic sep mtrr pge mca cmov pat pse36 clflush dts acpi mmx fxsr sse sse2 ss ht tm pbe syscall nx pdpe1gb rdtscp lm constant_tsc art arch_perfmon pebs bts rep_good nopl xtopology nonstop_tsc cpuid aperfmperf pni pclmulqdq dtes64 monitor ds_cpl vmx est tm2 ssse3 sdbg fma cx16 xtpr pdcm pcid sse4_1 sse4_2 x2apic movbe popcnt tsc_deadline_timer aes xsave avx f16c rdrand lahf_lm abm 3dnowprefetch cpuid_fault epb invpcid_single ssbd ibrs ibpb stibp ibrs_enhanced tpr_shadow vnmi flexpriority ept vpid ept_ad fsgsbase tsc_adjust bmi1 avx2 smep bmi2 erms invpcid mpx rdseed adx smap clflushopt intel_pt xsaveopt xsavec xgetbv1 xsaves dtherm arat pln pts hwp hwp_notify hwp_act_window hwp_epp pku ospke md_clear flush_l1d arch_capabilities

Online cpus: 0-7
Offline cpus: 
BIOS frequency limitation: <Not Available>
Frequency switch latency (ns): 0
Available cpu frequencies: <Not Available>
Current governor: powersave
Core performance/turbo boost: <Not Available>

Memory: 4k page, physical 7995160k(794564k free), swap 15998972k(14926844k free)
Page Sizes: 4k

vm_info: OpenJDK 64-Bit Server VM (17.0.8+7-b1000.22) for linux-amd64 JRE (17.0.8+7-b1000.22), built on 2023-09-02 by "builduser" with gcc 10.2.1 20210130 (Red Hat 10.2.1-11)

END.
